(0000) 3000  0011000000000000 (   1)                 .ORIG x3000
(3000) E002  1110000000000010 (   2)                 LEA   R0 HELLO_WORLD
(3001) F022  1111000000100010 (   3)                 TRAP  x22
(3002) F025  1111000000100101 (   4)                 TRAP  x25
(3003) 0048  0000000001001000 (   5) HELLO_WORLD     .FILL x0048
(3004) 0065  0000000001100101 (   5)                 .FILL x0065
(3005) 006C  0000000001101100 (   5)                 .FILL x006C
(3006) 006C  0000000001101100 (   5)                 .FILL x006C
(3007) 006F  0000000001101111 (   5)                 .FILL x006F
(3008) 0020  0000000000100000 (   5)                 .FILL x0020
(3009) 0057  0000000001010111 (   5)                 .FILL x0057
(300A) 006F  0000000001101111 (   5)                 .FILL x006F
(300B) 0072  0000000001110010 (   5)                 .FILL x0072
(300C) 006C  0000000001101100 (   5)                 .FILL x006C
(300D) 0064  0000000001100100 (   5)                 .FILL x0064
(300E) 0020  0000000000100000 (   5)                 .FILL x0020
(300F) 0074  0000000001110100 (   5)                 .FILL x0074
(3010) 0068  0000000001101000 (   5)                 .FILL x0068
(3011) 0069  0000000001101001 (   5)                 .FILL x0069
(3012) 0073  0000000001110011 (   5)                 .FILL x0073
(3013) 0020  0000000000100000 (   5)                 .FILL x0020
(3014) 0069  0000000001101001 (   5)                 .FILL x0069
(3015) 0073  0000000001110011 (   5)                 .FILL x0073
(3016) 0020  0000000000100000 (   5)                 .FILL x0020
(3017) 006D  0000000001101101 (   5)                 .FILL x006D
(3018) 0079  0000000001111001 (   5)                 .FILL x0079
(3019) 0020  0000000000100000 (   5)                 .FILL x0020
(301A) 0066  0000000001100110 (   5)                 .FILL x0066
(301B) 0069  0000000001101001 (   5)                 .FILL x0069
(301C) 0072  0000000001110010 (   5)                 .FILL x0072
(301D) 0073  0000000001110011 (   5)                 .FILL x0073
(301E) 0074  0000000001110100 (   5)                 .FILL x0074
(301F) 0020  0000000000100000 (   5)                 .FILL x0020
(3020) 006C  0000000001101100 (   5)                 .FILL x006C
(3021) 0063  0000000001100011 (   5)                 .FILL x0063
(3022) 0033  0000000000110011 (   5)                 .FILL x0033
(3023) 0020  0000000000100000 (   5)                 .FILL x0020
(3024) 0072  0000000001110010 (   5)                 .FILL x0072
(3025) 0070  0000000001110000 (   5)                 .FILL x0070
(3026) 006F  0000000001101111 (   5)                 .FILL x006F
(3027) 0067  0000000001100111 (   5)                 .FILL x0067
(3028) 0072  0000000001110010 (   5)                 .FILL x0072
(3029) 0061  0000000001100001 (   5)                 .FILL x0061
(302A) 006D  0000000001101101 (   5)                 .FILL x006D
(302B) 0000  0000000000000000 (   5)                 .FILL x0000
