(0000) 3000  0011000000000000 (   1)                 .ORIG x3000
(3000) E008  1110000000001000 (   2)                 LEA   R0 string1
(3001) F022  1111000000100010 (   3)                 TRAP  x22
(3002) 4814  0100100000010100 (   4)                 JSR   NewLine
(3003) E00C  1110000000001100 (   6)                 LEA   R0 string2
(3004) F022  1111000000100010 (   7)                 TRAP  x22
(3005) 4811  0100100000010001 (   8)                 JSR   NewLine
(3006) F022  1111000000100010 (   9)                 TRAP  x22
(3007) 480F  0100100000001111 (  10)                 JSR   NewLine
(3008) F025  1111000000100101 (  11)                 TRAP  x25
(3009) 0048  0000000001001000 (  12) string1         .FILL x0048
(300A) 0065  0000000001100101 (  12)                 .FILL x0065
(300B) 006C  0000000001101100 (  12)                 .FILL x006C
(300C) 006C  0000000001101100 (  12)                 .FILL x006C
(300D) 006F  0000000001101111 (  12)                 .FILL x006F
(300E) 002C  0000000000101100 (  12)                 .FILL x002C
(300F) 0000  0000000000000000 (  12)                 .FILL x0000
(3010) 0077  0000000001110111 (  13) string2         .FILL x0077
(3011) 006F  0000000001101111 (  13)                 .FILL x006F
(3012) 0072  0000000001110010 (  13)                 .FILL x0072
(3013) 006C  0000000001101100 (  13)                 .FILL x006C
(3014) 0064  0000000001100100 (  13)                 .FILL x0064
(3015) 0020  0000000000100000 (  13)                 .FILL x0020
(3016) 0000  0000000000000000 (  13)                 .FILL x0000
(3017) 3007  0011000000000111 (  15) NewLine         ST    R0 NLsave0
(3018) 3E07  0011111000000111 (  16)                 ST    R7 NLsave7
(3019) 2004  0010000000000100 (  17)                 LD    R0 NLchar
(301A) F021  1111000000100001 (  18)                 TRAP  x21
(301B) 2E04  0010111000000100 (  19)                 LD    R7 NLsave7
(301C) 2002  0010000000000010 (  20)                 LD    R0 NLsave0
(301D) C1C0  1100000111000000 (  21)                 RET   
(301E) 000A  0000000000001010 (  22) NLchar          .FILL x000A
(301F) 0000  0000000000000000 (  25) NLsave0         .FILL x0000
(3020) 0000  0000000000000000 (  27) NLsave7         .FILL x0000
