(0000) 3000  0011000000000000 (   1)                 .ORIG x3000
(3000) E002  1110000000000010 (   2)                 LEA   R0 HW
(3001) F022  1111000000100010 (   3)                 TRAP  x22
(3002) F025  1111000000100101 (   4)                 TRAP  x25
(3003) 0048  0000000001001000 (   5) HW              .FILL x0048
(3004) 0069  0000000001101001 (   5)                 .FILL x0069
(3005) 002C  0000000000101100 (   5)                 .FILL x002C
(3006) 0020  0000000000100000 (   5)                 .FILL x0020
(3007) 0054  0000000001010100 (   5)                 .FILL x0054
(3008) 0068  0000000001101000 (   5)                 .FILL x0068
(3009) 0069  0000000001101001 (   5)                 .FILL x0069
(300A) 0073  0000000001110011 (   5)                 .FILL x0073
(300B) 0020  0000000000100000 (   5)                 .FILL x0020
(300C) 0069  0000000001101001 (   5)                 .FILL x0069
(300D) 0073  0000000001110011 (   5)                 .FILL x0073
(300E) 0020  0000000000100000 (   5)                 .FILL x0020
(300F) 004A  0000000001001010 (   5)                 .FILL x004A
(3010) 0061  0000000001100001 (   5)                 .FILL x0061
(3011) 006D  0000000001101101 (   5)                 .FILL x006D
(3012) 0061  0000000001100001 (   5)                 .FILL x0061
(3013) 006C  0000000001101100 (   5)                 .FILL x006C
(3014) 0020  0000000000100000 (   5)                 .FILL x0020
(3015) 004B  0000000001001011 (   5)                 .FILL x004B
(3016) 0068  0000000001101000 (   5)                 .FILL x0068
(3017) 0061  0000000001100001 (   5)                 .FILL x0061
(3018) 0072  0000000001110010 (   5)                 .FILL x0072
(3019) 0072  0000000001110010 (   5)                 .FILL x0072
(301A) 0061  0000000001100001 (   5)                 .FILL x0061
(301B) 0074  0000000001110100 (   5)                 .FILL x0074
(301C) 0000  0000000000000000 (   5)                 .FILL x0000
